<?xml version="1.0" encoding="UTF-8"?>
<!-- Generated by org.testng.reporters.JUnitReportReporter -->
<testsuite hostname="DESKTOP-KOFFG6V" failures="0" tests="1" name="testcases.HomePageTest" time="24.540" errors="0" timestamp="2024-03-20T22:30:04 EDT" skipped="0">
  <testcase classname="testcases.HomePageTest" name="homeArrivalsAddToBasketWithMoreBooks" time="24.540"/>
</testsuite> <!-- testcases.HomePageTest -->
